<?xml version="1.0" encoding="UTF-8"?>
<testng-results ignored="0" total="1" passed="1" failed="0" skipped="0">
  <reporter-output>
  </reporter-output>
  <suite started-at="2024-04-20T18:03:50 GMT-04:00" name="Default suite" finished-at="2024-04-20T18:04:33 GMT-04:00" duration-ms="43636">
    <groups>
    </groups>
    <test started-at="2024-04-20T18:03:50 GMT-04:00" name="Default test" finished-at="2024-04-20T18:04:33 GMT-04:00" duration-ms="43636">
      <class name="com.example.appium.Tests.Leagues1">
        <test-method is-config="true" signature="setUp()[pri:0, instance:com.example.appium.Tests.Leagues1@47987356]" started-at="2024-04-20T18:03:50 GMT-04:00" name="setUp" finished-at="2024-04-20T18:03:55 GMT-04:00" duration-ms="5192" status="PASS">
          <reporter-output>
          </reporter-output>
        </test-method> <!-- setUp -->
        <test-method signature="testApp()[pri:0, instance:com.example.appium.Tests.Leagues1@47987356]" started-at="2024-04-20T18:03:55 GMT-04:00" name="testApp" finished-at="2024-04-20T18:04:33 GMT-04:00" duration-ms="38001" status="PASS">
          <reporter-output>
          </reporter-output>
        </test-method> <!-- testApp -->
        <test-method is-config="true" signature="tearDown()[pri:0, instance:com.example.appium.Tests.Leagues1@47987356]" started-at="2024-04-20T18:04:33 GMT-04:00" name="tearDown" finished-at="2024-04-20T18:04:33 GMT-04:00" duration-ms="397" status="PASS">
          <reporter-output>
          </reporter-output>
        </test-method> <!-- tearDown -->
      </class> <!-- com.example.appium.Tests.Leagues1 -->
    </test> <!-- Default test -->
  </suite> <!-- Default suite -->
</testng-results>
